<?xml version="1.0" encoding="UTF-8"?>
<!-- Generated by org.testng.reporters.JUnitXMLReporter -->
<testsuite hostname="liangdeMacBook-Pro.local" name="搜索" tests="4" failures="3" timestamp="4 May 2017 10:18:53 GMT" time="89.509" errors="0">
  <testcase name="searchDemo" time="20.556" classname="com.young.appiumcombat.testcases.android.search.SearchPage_001_SearchDemo_Test"/>
  <testcase name="searchDemo" time="0.082" classname="com.young.appiumcombat.testcases.android.search.SearchPage_001_SearchDemo_Test">
    <failure type="org.openqa.selenium.NoSuchElementException" message="no such element: Unable to locate element: {&amp;quot;method&amp;quot;:&amp;quot;id&amp;quot;,&amp;quot;selector&amp;quot;:&amp;quot;com.microsoft.bing:id/search&amp;quot;}
  (Session info: webview=30.0.0.0)
  (Driver info: chromedriver=2.21.371459 (36d3d07f660ff2bc1bf28a75d1cdabed0983e7c4),platform=Mac OS X 10.12.4 x86_64) (WARNING: The server did not provide any stacktrace information)
Command duration or timeout: 23 milliseconds
For documentation on this error, please visit: http://seleniumhq.org/exceptions/no_such_element.html
Build info: version: &amp;apos;2.53.0&amp;apos;, revision: &amp;apos;35ae25b1534ae328c771e0856c93e187490ca824&amp;apos;, time: &amp;apos;2016-03-15 10:43:46&amp;apos;
System info: host: &amp;apos;liangdeMacBook-Pro.local&amp;apos;, ip: &amp;apos;192.168.1.99&amp;apos;, os.name: &amp;apos;Mac OS X&amp;apos;, os.arch: &amp;apos;x86_64&amp;apos;, os.version: &amp;apos;10.12.4&amp;apos;, java.version: &amp;apos;1.8.0_101&amp;apos;
Driver info: io.appium.java_client.android.AndroidDriver
Capabilities [{app=/Users/a/Documents/study/14/appiumcombat/res/app/android/bing.apk, appPackage=com.microsoft.bing, networkConnectionEnabled=true, warnings={}, databaseEnabled=false, deviceName=emulator-5554, avd=Android-001, platform=LINUX, appActivity=com.microsoft.clients.bing.app.MainActivity, desired={app=/Users/a/Documents/study/14/appiumcombat/res/app/android/bing.apk, appPackage=com.microsoft.bing, appActivity=com.microsoft.clients.bing.app.MainActivity, platformVersion=4.4.2, automationName=Appium, sessionOverride=true, unicodeKeyboard=true, platformName=Android, deviceName=appium-test-avd, resetKeyboard=true, avd=Android-001}, platformVersion=4.4.2, webStorageEnabled=false, locationContextEnabled=false, automationName=Appium, takesScreenshot=true, javascriptEnabled=true, sessionOverride=true, unicodeKeyboard=true, platformName=Android, resetKeyboard=true}]
Session ID: 66b0225e-6d8c-4766-9b71-36119d2cd508
*** Element info: {Using=id, value=com.microsoft.bing:id/search}">
      <![CDATA[org.openqa.selenium.NoSuchElementException: no such element: Unable to locate element: {"method":"id","selector":"com.microsoft.bing:id/search"}
  (Session info: webview=30.0.0.0)
  (Driver info: chromedriver=2.21.371459 (36d3d07f660ff2bc1bf28a75d1cdabed0983e7c4),platform=Mac OS X 10.12.4 x86_64) (WARNING: The server did not provide any stacktrace information)
Command duration or timeout: 23 milliseconds
For documentation on this error, please visit: http://seleniumhq.org/exceptions/no_such_element.html
Build info: version: '2.53.0', revision: '35ae25b1534ae328c771e0856c93e187490ca824', time: '2016-03-15 10:43:46'
System info: host: 'liangdeMacBook-Pro.local', ip: '192.168.1.99', os.name: 'Mac OS X', os.arch: 'x86_64', os.version: '10.12.4', java.version: '1.8.0_101'
Driver info: io.appium.java_client.android.AndroidDriver
Capabilities [{app=/Users/a/Documents/study/14/appiumcombat/res/app/android/bing.apk, appPackage=com.microsoft.bing, networkConnectionEnabled=true, warnings={}, databaseEnabled=false, deviceName=emulator-5554, avd=Android-001, platform=LINUX, appActivity=com.microsoft.clients.bing.app.MainActivity, desired={app=/Users/a/Documents/study/14/appiumcombat/res/app/android/bing.apk, appPackage=com.microsoft.bing, appActivity=com.microsoft.clients.bing.app.MainActivity, platformVersion=4.4.2, automationName=Appium, sessionOverride=true, unicodeKeyboard=true, platformName=Android, deviceName=appium-test-avd, resetKeyboard=true, avd=Android-001}, platformVersion=4.4.2, webStorageEnabled=false, locationContextEnabled=false, automationName=Appium, takesScreenshot=true, javascriptEnabled=true, sessionOverride=true, unicodeKeyboard=true, platformName=Android, resetKeyboard=true}]
Session ID: 66b0225e-6d8c-4766-9b71-36119d2cd508
*** Element info: {Using=id, value=com.microsoft.bing:id/search}
	at org.openqa.selenium.remote.ErrorHandler.createThrowable(ErrorHandler.java:206)
	at org.openqa.selenium.remote.ErrorHandler.throwIfResponseFailed(ErrorHandler.java:158)
	at org.openqa.selenium.remote.RemoteWebDriver.execute(RemoteWebDriver.java:678)
	at io.appium.java_client.DefaultGenericMobileDriver.execute(DefaultGenericMobileDriver.java:43)
	at io.appium.java_client.AppiumDriver.execute(AppiumDriver.java:1)
	at io.appium.java_client.android.AndroidDriver.execute(AndroidDriver.java:1)
	at org.openqa.selenium.remote.RemoteWebDriver.findElement(RemoteWebDriver.java:363)
	at org.openqa.selenium.remote.RemoteWebDriver.findElementById(RemoteWebDriver.java:413)
	at io.appium.java_client.DefaultGenericMobileDriver.findElementById(DefaultGenericMobileDriver.java:59)
	at io.appium.java_client.AppiumDriver.findElementById(AppiumDriver.java:1)
	at io.appium.java_client.android.AndroidDriver.findElementById(AndroidDriver.java:1)
	at org.openqa.selenium.By$ById.findElement(By.java:218)
	at org.openqa.selenium.remote.RemoteWebDriver.findElement(RemoteWebDriver.java:355)
	at io.appium.java_client.DefaultGenericMobileDriver.findElement(DefaultGenericMobileDriver.java:51)
	at io.appium.java_client.AppiumDriver.findElement(AppiumDriver.java:1)
	at io.appium.java_client.android.AndroidDriver.findElement(AndroidDriver.java:1)
	at com.young.appiumcombat.utils.AppiumUtil.findElement(AppiumUtil.java:78)
	at com.young.appiumcombat.utils.AppiumUtil.click(AppiumUtil.java:120)
	at com.young.appiumcombat.pageshelper.android.HomePageHelper.clickOnHomePage(HomePageHelper.java:24)
	at com.young.appiumcombat.testcases.android.search.SearchPage_001_SearchDemo_Test.searchDemo(SearchPage_001_SearchDemo_Test.java:24)
	at java.util.concurrent.FutureTask.run(FutureTask.java:266)
	at java.util.concurrent.ThreadPoolExecutor.runWorker(ThreadPoolExecutor.java:1142)
	at java.util.concurrent.ThreadPoolExecutor$Worker.run(ThreadPoolExecutor.java:617)
	at java.lang.Thread.run(Thread.java:745)
... Removed 20 stack frames]]>
    </failure>
  </testcase> <!-- searchDemo -->
  <testcase name="searchDemo" time="0.054" classname="com.young.appiumcombat.testcases.android.search.SearchPage_001_SearchDemo_Test">
    <failure type="org.openqa.selenium.NoSuchElementException" message="no such element: Unable to locate element: {&amp;quot;method&amp;quot;:&amp;quot;id&amp;quot;,&amp;quot;selector&amp;quot;:&amp;quot;com.microsoft.bing:id/search&amp;quot;}
  (Session info: webview=30.0.0.0)
  (Driver info: chromedriver=2.21.371459 (36d3d07f660ff2bc1bf28a75d1cdabed0983e7c4),platform=Mac OS X 10.12.4 x86_64) (WARNING: The server did not provide any stacktrace information)
Command duration or timeout: 16 milliseconds
For documentation on this error, please visit: http://seleniumhq.org/exceptions/no_such_element.html
Build info: version: &amp;apos;2.53.0&amp;apos;, revision: &amp;apos;35ae25b1534ae328c771e0856c93e187490ca824&amp;apos;, time: &amp;apos;2016-03-15 10:43:46&amp;apos;
System info: host: &amp;apos;liangdeMacBook-Pro.local&amp;apos;, ip: &amp;apos;192.168.1.99&amp;apos;, os.name: &amp;apos;Mac OS X&amp;apos;, os.arch: &amp;apos;x86_64&amp;apos;, os.version: &amp;apos;10.12.4&amp;apos;, java.version: &amp;apos;1.8.0_101&amp;apos;
Driver info: io.appium.java_client.android.AndroidDriver
Capabilities [{app=/Users/a/Documents/study/14/appiumcombat/res/app/android/bing.apk, appPackage=com.microsoft.bing, networkConnectionEnabled=true, warnings={}, databaseEnabled=false, deviceName=emulator-5554, avd=Android-001, platform=LINUX, appActivity=com.microsoft.clients.bing.app.MainActivity, desired={app=/Users/a/Documents/study/14/appiumcombat/res/app/android/bing.apk, appPackage=com.microsoft.bing, appActivity=com.microsoft.clients.bing.app.MainActivity, platformVersion=4.4.2, automationName=Appium, sessionOverride=true, unicodeKeyboard=true, platformName=Android, deviceName=appium-test-avd, resetKeyboard=true, avd=Android-001}, platformVersion=4.4.2, webStorageEnabled=false, locationContextEnabled=false, automationName=Appium, takesScreenshot=true, javascriptEnabled=true, sessionOverride=true, unicodeKeyboard=true, platformName=Android, resetKeyboard=true}]
Session ID: 66b0225e-6d8c-4766-9b71-36119d2cd508
*** Element info: {Using=id, value=com.microsoft.bing:id/search}">
      <![CDATA[org.openqa.selenium.NoSuchElementException: no such element: Unable to locate element: {"method":"id","selector":"com.microsoft.bing:id/search"}
  (Session info: webview=30.0.0.0)
  (Driver info: chromedriver=2.21.371459 (36d3d07f660ff2bc1bf28a75d1cdabed0983e7c4),platform=Mac OS X 10.12.4 x86_64) (WARNING: The server did not provide any stacktrace information)
Command duration or timeout: 16 milliseconds
For documentation on this error, please visit: http://seleniumhq.org/exceptions/no_such_element.html
Build info: version: '2.53.0', revision: '35ae25b1534ae328c771e0856c93e187490ca824', time: '2016-03-15 10:43:46'
System info: host: 'liangdeMacBook-Pro.local', ip: '192.168.1.99', os.name: 'Mac OS X', os.arch: 'x86_64', os.version: '10.12.4', java.version: '1.8.0_101'
Driver info: io.appium.java_client.android.AndroidDriver
Capabilities [{app=/Users/a/Documents/study/14/appiumcombat/res/app/android/bing.apk, appPackage=com.microsoft.bing, networkConnectionEnabled=true, warnings={}, databaseEnabled=false, deviceName=emulator-5554, avd=Android-001, platform=LINUX, appActivity=com.microsoft.clients.bing.app.MainActivity, desired={app=/Users/a/Documents/study/14/appiumcombat/res/app/android/bing.apk, appPackage=com.microsoft.bing, appActivity=com.microsoft.clients.bing.app.MainActivity, platformVersion=4.4.2, automationName=Appium, sessionOverride=true, unicodeKeyboard=true, platformName=Android, deviceName=appium-test-avd, resetKeyboard=true, avd=Android-001}, platformVersion=4.4.2, webStorageEnabled=false, locationContextEnabled=false, automationName=Appium, takesScreenshot=true, javascriptEnabled=true, sessionOverride=true, unicodeKeyboard=true, platformName=Android, resetKeyboard=true}]
Session ID: 66b0225e-6d8c-4766-9b71-36119d2cd508
*** Element info: {Using=id, value=com.microsoft.bing:id/search}
	at org.openqa.selenium.remote.ErrorHandler.createThrowable(ErrorHandler.java:206)
	at org.openqa.selenium.remote.ErrorHandler.throwIfResponseFailed(ErrorHandler.java:158)
	at org.openqa.selenium.remote.RemoteWebDriver.execute(RemoteWebDriver.java:678)
	at io.appium.java_client.DefaultGenericMobileDriver.execute(DefaultGenericMobileDriver.java:43)
	at io.appium.java_client.AppiumDriver.execute(AppiumDriver.java:1)
	at io.appium.java_client.android.AndroidDriver.execute(AndroidDriver.java:1)
	at org.openqa.selenium.remote.RemoteWebDriver.findElement(RemoteWebDriver.java:363)
	at org.openqa.selenium.remote.RemoteWebDriver.findElementById(RemoteWebDriver.java:413)
	at io.appium.java_client.DefaultGenericMobileDriver.findElementById(DefaultGenericMobileDriver.java:59)
	at io.appium.java_client.AppiumDriver.findElementById(AppiumDriver.java:1)
	at io.appium.java_client.android.AndroidDriver.findElementById(AndroidDriver.java:1)
	at org.openqa.selenium.By$ById.findElement(By.java:218)
	at org.openqa.selenium.remote.RemoteWebDriver.findElement(RemoteWebDriver.java:355)
	at io.appium.java_client.DefaultGenericMobileDriver.findElement(DefaultGenericMobileDriver.java:51)
	at io.appium.java_client.AppiumDriver.findElement(AppiumDriver.java:1)
	at io.appium.java_client.android.AndroidDriver.findElement(AndroidDriver.java:1)
	at com.young.appiumcombat.utils.AppiumUtil.findElement(AppiumUtil.java:78)
	at com.young.appiumcombat.utils.AppiumUtil.click(AppiumUtil.java:120)
	at com.young.appiumcombat.pageshelper.android.HomePageHelper.clickOnHomePage(HomePageHelper.java:24)
	at com.young.appiumcombat.testcases.android.search.SearchPage_001_SearchDemo_Test.searchDemo(SearchPage_001_SearchDemo_Test.java:24)
	at java.util.concurrent.FutureTask.run(FutureTask.java:266)
	at java.util.concurrent.ThreadPoolExecutor.runWorker(ThreadPoolExecutor.java:1142)
	at java.util.concurrent.ThreadPoolExecutor$Worker.run(ThreadPoolExecutor.java:617)
	at java.lang.Thread.run(Thread.java:745)
... Removed 20 stack frames]]>
    </failure>
  </testcase> <!-- searchDemo -->
  <testcase name="searchDemo" time="0.07" classname="com.young.appiumcombat.testcases.android.search.SearchPage_001_SearchDemo_Test">
    <failure type="org.openqa.selenium.NoSuchElementException" message="no such element: Unable to locate element: {&amp;quot;method&amp;quot;:&amp;quot;id&amp;quot;,&amp;quot;selector&amp;quot;:&amp;quot;com.microsoft.bing:id/search&amp;quot;}
  (Session info: webview=30.0.0.0)
  (Driver info: chromedriver=2.21.371459 (36d3d07f660ff2bc1bf28a75d1cdabed0983e7c4),platform=Mac OS X 10.12.4 x86_64) (WARNING: The server did not provide any stacktrace information)
Command duration or timeout: 19 milliseconds
For documentation on this error, please visit: http://seleniumhq.org/exceptions/no_such_element.html
Build info: version: &amp;apos;2.53.0&amp;apos;, revision: &amp;apos;35ae25b1534ae328c771e0856c93e187490ca824&amp;apos;, time: &amp;apos;2016-03-15 10:43:46&amp;apos;
System info: host: &amp;apos;liangdeMacBook-Pro.local&amp;apos;, ip: &amp;apos;192.168.1.99&amp;apos;, os.name: &amp;apos;Mac OS X&amp;apos;, os.arch: &amp;apos;x86_64&amp;apos;, os.version: &amp;apos;10.12.4&amp;apos;, java.version: &amp;apos;1.8.0_101&amp;apos;
Driver info: io.appium.java_client.android.AndroidDriver
Capabilities [{app=/Users/a/Documents/study/14/appiumcombat/res/app/android/bing.apk, appPackage=com.microsoft.bing, networkConnectionEnabled=true, warnings={}, databaseEnabled=false, deviceName=emulator-5554, avd=Android-001, platform=LINUX, appActivity=com.microsoft.clients.bing.app.MainActivity, desired={app=/Users/a/Documents/study/14/appiumcombat/res/app/android/bing.apk, appPackage=com.microsoft.bing, appActivity=com.microsoft.clients.bing.app.MainActivity, platformVersion=4.4.2, automationName=Appium, sessionOverride=true, unicodeKeyboard=true, platformName=Android, deviceName=appium-test-avd, resetKeyboard=true, avd=Android-001}, platformVersion=4.4.2, webStorageEnabled=false, locationContextEnabled=false, automationName=Appium, takesScreenshot=true, javascriptEnabled=true, sessionOverride=true, unicodeKeyboard=true, platformName=Android, resetKeyboard=true}]
Session ID: 66b0225e-6d8c-4766-9b71-36119d2cd508
*** Element info: {Using=id, value=com.microsoft.bing:id/search}">
      <![CDATA[org.openqa.selenium.NoSuchElementException: no such element: Unable to locate element: {"method":"id","selector":"com.microsoft.bing:id/search"}
  (Session info: webview=30.0.0.0)
  (Driver info: chromedriver=2.21.371459 (36d3d07f660ff2bc1bf28a75d1cdabed0983e7c4),platform=Mac OS X 10.12.4 x86_64) (WARNING: The server did not provide any stacktrace information)
Command duration or timeout: 19 milliseconds
For documentation on this error, please visit: http://seleniumhq.org/exceptions/no_such_element.html
Build info: version: '2.53.0', revision: '35ae25b1534ae328c771e0856c93e187490ca824', time: '2016-03-15 10:43:46'
System info: host: 'liangdeMacBook-Pro.local', ip: '192.168.1.99', os.name: 'Mac OS X', os.arch: 'x86_64', os.version: '10.12.4', java.version: '1.8.0_101'
Driver info: io.appium.java_client.android.AndroidDriver
Capabilities [{app=/Users/a/Documents/study/14/appiumcombat/res/app/android/bing.apk, appPackage=com.microsoft.bing, networkConnectionEnabled=true, warnings={}, databaseEnabled=false, deviceName=emulator-5554, avd=Android-001, platform=LINUX, appActivity=com.microsoft.clients.bing.app.MainActivity, desired={app=/Users/a/Documents/study/14/appiumcombat/res/app/android/bing.apk, appPackage=com.microsoft.bing, appActivity=com.microsoft.clients.bing.app.MainActivity, platformVersion=4.4.2, automationName=Appium, sessionOverride=true, unicodeKeyboard=true, platformName=Android, deviceName=appium-test-avd, resetKeyboard=true, avd=Android-001}, platformVersion=4.4.2, webStorageEnabled=false, locationContextEnabled=false, automationName=Appium, takesScreenshot=true, javascriptEnabled=true, sessionOverride=true, unicodeKeyboard=true, platformName=Android, resetKeyboard=true}]
Session ID: 66b0225e-6d8c-4766-9b71-36119d2cd508
*** Element info: {Using=id, value=com.microsoft.bing:id/search}
	at org.openqa.selenium.remote.ErrorHandler.createThrowable(ErrorHandler.java:206)
	at org.openqa.selenium.remote.ErrorHandler.throwIfResponseFailed(ErrorHandler.java:158)
	at org.openqa.selenium.remote.RemoteWebDriver.execute(RemoteWebDriver.java:678)
	at io.appium.java_client.DefaultGenericMobileDriver.execute(DefaultGenericMobileDriver.java:43)
	at io.appium.java_client.AppiumDriver.execute(AppiumDriver.java:1)
	at io.appium.java_client.android.AndroidDriver.execute(AndroidDriver.java:1)
	at org.openqa.selenium.remote.RemoteWebDriver.findElement(RemoteWebDriver.java:363)
	at org.openqa.selenium.remote.RemoteWebDriver.findElementById(RemoteWebDriver.java:413)
	at io.appium.java_client.DefaultGenericMobileDriver.findElementById(DefaultGenericMobileDriver.java:59)
	at io.appium.java_client.AppiumDriver.findElementById(AppiumDriver.java:1)
	at io.appium.java_client.android.AndroidDriver.findElementById(AndroidDriver.java:1)
	at org.openqa.selenium.By$ById.findElement(By.java:218)
	at org.openqa.selenium.remote.RemoteWebDriver.findElement(RemoteWebDriver.java:355)
	at io.appium.java_client.DefaultGenericMobileDriver.findElement(DefaultGenericMobileDriver.java:51)
	at io.appium.java_client.AppiumDriver.findElement(AppiumDriver.java:1)
	at io.appium.java_client.android.AndroidDriver.findElement(AndroidDriver.java:1)
	at com.young.appiumcombat.utils.AppiumUtil.findElement(AppiumUtil.java:78)
	at com.young.appiumcombat.utils.AppiumUtil.click(AppiumUtil.java:120)
	at com.young.appiumcombat.pageshelper.android.HomePageHelper.clickOnHomePage(HomePageHelper.java:24)
	at com.young.appiumcombat.testcases.android.search.SearchPage_001_SearchDemo_Test.searchDemo(SearchPage_001_SearchDemo_Test.java:24)
	at java.util.concurrent.FutureTask.run(FutureTask.java:266)
	at java.util.concurrent.ThreadPoolExecutor.runWorker(ThreadPoolExecutor.java:1142)
	at java.util.concurrent.ThreadPoolExecutor$Worker.run(ThreadPoolExecutor.java:617)
	at java.lang.Thread.run(Thread.java:745)
... Removed 20 stack frames]]>
    </failure>
  </testcase> <!-- searchDemo -->
</testsuite> <!-- 搜索 -->
